<?xml version="1.0" encoding="UTF-8"?>
<!-- Generated by org.testng.reporters.JUnitReportReporter -->
<testsuite hostname="Naveen-Thamatam" failures="0" tests="1" name="actionsclassprogram.ActionsClass" time="12.703" errors="0" timestamp="2024-01-03T22:44:05 IST" skipped="0">
  <testcase classname="actionsclassprogram.ActionsClass" name="keyboardfunctions" time="12.703"/>
  <system-out/>
</testsuite> <!-- actionsclassprogram.ActionsClass -->
