<?xml version="1.0" encoding="UTF-8"?>
<!-- Generated by org.testng.reporters.JUnitReportReporter -->
<testsuite hostname="Naveen-Thamatam" failures="0" tests="1" name="fileupload.FileAttachment" time="46.916" errors="0" timestamp="2023-12-25T13:43:47 IST" skipped="0">
  <testcase classname="fileupload.FileAttachment" name="fileattachment" time="46.916"/>
  <system-out/>
</testsuite> <!-- fileupload.FileAttachment -->
