<?xml version="1.0" encoding="UTF-8"?>
<!-- Generated by org.testng.reporters.JUnitReportReporter -->
<testsuite hostname="Naveen-Thamatam" failures="0" tests="2" name="testng.TestNG_7_Xml_File_Run" time="6.418" errors="0" timestamp="2023-12-07T18:10:31 IST" skipped="0">
  <testcase classname="testng.TestNG_7_Xml_File_Run" name="gmail" time="4.409"/>
  <system-out/>
  <testcase classname="testng.TestNG_7_Xml_File_Run" name="selenium" time="2.009"/>
  <system-out/>
</testsuite> <!-- testng.TestNG_7_Xml_File_Run -->
