<?xml version="1.0" encoding="UTF-8"?>
<!-- Generated by org.testng.reporters.JUnitReportReporter -->
<testsuite hostname="Naveen-Thamatam" failures="0" tests="5" name="testng.TestNG_3_Skip_Ignore_Disabeld" time="6.114" errors="0" timestamp="2023-12-08T13:53:02 IST" skipped="3">
  <testcase classname="testng.TestNG_3_Skip_Ignore_Disabeld" name="twitter" time="2.375"/>
  <system-out/>
  <testcase classname="testng.TestNG_3_Skip_Ignore_Disabeld" name="facebook" time="3.739"/>
  <system-out/>
  <testcase classname="testng.TestNG_3_Skip_Ignore_Disabeld" name="google">
    <skipped/>
  </testcase> <!-- google -->
  <system-out/>
  <testcase classname="testng.TestNG_3_Skip_Ignore_Disabeld" name="gmail">
    <skipped/>
  </testcase> <!-- gmail -->
  <system-out/>
  <testcase classname="testng.TestNG_3_Skip_Ignore_Disabeld" name="selenium">
    <skipped/>
  </testcase> <!-- selenium -->
  <system-out/>
</testsuite> <!-- testng.TestNG_3_Skip_Ignore_Disabeld -->
