<?xml version="1.0" encoding="UTF-8"?>
<!-- Generated by org.testng.reporters.JUnitReportReporter -->
<testsuite hostname="Naveen-Thamatam" failures="0" tests="1" name="verifytabtitleurlapptext.VerifyTabitleURLWebText" time="2.840" errors="0" timestamp="2023-12-20T14:19:04 IST" skipped="0">
  <testcase classname="verifytabtitleurlapptext.VerifyTabitleURLWebText" name="verifytex" time="2.840"/>
  <system-out/>
</testsuite> <!-- verifytabtitleurlapptext.VerifyTabitleURLWebText -->
