<?xml version="1.0" encoding="UTF-8"?>
<!-- Generated by org.testng.reporters.JUnitReportReporter -->
<testsuite hostname="Naveen-Thamatam" failures="0" tests="2" name="testng.TestNG_5_DependsOnMethods" time="6.783" errors="0" timestamp="2023-12-06T12:22:52 IST" skipped="0">
  <testcase classname="testng.TestNG_5_DependsOnMethods" name="method1" time="4.843"/>
  <system-out/>
  <testcase classname="testng.TestNG_5_DependsOnMethods" name="method2" time="1.940"/>
  <system-out/>
</testsuite> <!-- testng.TestNG_5_DependsOnMethods -->
