<?xml version="1.0" encoding="UTF-8"?>
<!-- Generated by org.testng.reporters.JUnitReportReporter -->
<testsuite hostname="Naveen-Thamatam" failures="0" tests="2" name="testng.TestNG_8_Groups" time="8.268" errors="0" timestamp="2024-01-03T20:46:45 IST" skipped="0">
  <testcase classname="testng.TestNG_8_Groups" name="selenium" time="3.760"/>
  <system-out/>
  <testcase classname="testng.TestNG_8_Groups" name="redmine" time="4.508"/>
  <system-out/>
</testsuite> <!-- testng.TestNG_8_Groups -->
