<?xml version="1.0" encoding="UTF-8"?>
<!-- Generated by org.testng.reporters.JUnitReportReporter -->
<testsuite hostname="Naveen-Thamatam" failures="0" tests="4" name="actionsclassprograms.ActionsClass" time="18.521" errors="0" timestamp="2023-12-16T19:18:28 IST" skipped="3">
  <testcase classname="actionsclassprograms.ActionsClass" name="mousehover" time="18.521"/>
  <system-out/>
  <testcase classname="actionsclassprograms.ActionsClass" name="rightclick">
    <skipped/>
  </testcase> <!-- rightclick -->
  <system-out/>
  <testcase classname="actionsclassprograms.ActionsClass" name="draganddrap">
    <skipped/>
  </testcase> <!-- draganddrap -->
  <system-out/>
  <testcase classname="actionsclassprograms.ActionsClass" name="doubleclick">
    <skipped/>
  </testcase> <!-- doubleclick -->
  <system-out/>
</testsuite> <!-- actionsclassprograms.ActionsClass -->
