<?xml version="1.0" encoding="UTF-8"?>
<!-- Generated by org.testng.reporters.JUnitReportReporter -->
<testsuite hostname="Naveen-Thamatam" failures="0" tests="1" name="dropdownmethods.DropDownValueMethods" time="30.755" errors="0" timestamp="2023-12-16T19:21:08 IST" skipped="0">
  <testcase classname="dropdownmethods.DropDownValueMethods" name="dropdownoptions" time="30.755"/>
  <system-out/>
</testsuite> <!-- dropdownmethods.DropDownValueMethods -->
