<?xml version="1.0" encoding="UTF-8"?>
<!-- Generated by org.testng.reporters.JUnitReportReporter -->
<testsuite hostname="Naveen-Thamatam" failures="0" tests="1" name="log4jtutorial.Log4j" time="7.543" errors="0" timestamp="2023-12-25T17:57:37 IST" skipped="0">
  <testcase classname="log4jtutorial.Log4j" name="googlesearch" time="7.543"/>
  <system-out/>
</testsuite> <!-- log4jtutorial.Log4j -->
