<?xml version="1.0" encoding="UTF-8"?>
<!-- Generated by org.testng.reporters.JUnitReportReporter -->
<testsuite hostname="Naveen-Thamatam" failures="0" tests="2" name="testng.TestNG_4_TimeOut_feature" time="13.414" errors="0" timestamp="2023-12-08T14:02:37 IST" skipped="0">
  <testcase classname="testng.TestNG_4_TimeOut_feature" name="searchTestNG" time="8.752"/>
  <system-out/>
  <testcase classname="testng.TestNG_4_TimeOut_feature" name="searchselenium" time="4.662"/>
  <system-out/>
</testsuite> <!-- testng.TestNG_4_TimeOut_feature -->
