<?xml version="1.0" encoding="UTF-8"?>
<!-- Generated by org.testng.reporters.JUnitReportReporter -->
<testsuite hostname="Naveen-Thamatam" failures="0" tests="1" name="isdisplayedisenabledisselected.VerifyImagesTextTextBoxesCheckkbox" time="8.697" errors="0" timestamp="2023-12-20T18:20:02 IST" skipped="0">
  <testcase classname="isdisplayedisenabledisselected.VerifyImagesTextTextBoxesCheckkbox" name="verifycheckboxradibutton" time="8.697"/>
  <system-out/>
</testsuite> <!-- isdisplayedisenabledisselected.VerifyImagesTextTextBoxesCheckkbox -->
