<?xml version="1.0" encoding="UTF-8"?>
<!-- Generated by org.testng.reporters.JUnitReportReporter -->
<testsuite hostname="Naveen-Thamatam" failures="0" tests="5" name="testng.TestNG_2_Priority_Order" time="15.718" errors="0" timestamp="2023-12-08T13:53:02 IST" skipped="0">
  <testcase classname="testng.TestNG_2_Priority_Order" name="twitter" time="4.845"/>
  <system-out/>
  <testcase classname="testng.TestNG_2_Priority_Order" name="google" time="1.773"/>
  <system-out/>
  <testcase classname="testng.TestNG_2_Priority_Order" name="gmail" time="5.197"/>
  <system-out/>
  <testcase classname="testng.TestNG_2_Priority_Order" name="selenium" time="1.625"/>
  <system-out/>
  <testcase classname="testng.TestNG_2_Priority_Order" name="facebook" time="2.278"/>
  <system-out/>
</testsuite> <!-- testng.TestNG_2_Priority_Order -->
