<?xml version="1.0" encoding="UTF-8"?>
<!-- Generated by org.testng.reporters.JUnitReportReporter -->
<testsuite hostname="Naveen-Thamatam" failures="0" tests="6" name="testng.TestNG_1_Alphabatical_Order" time="53.524" errors="0" timestamp="2023-12-07T20:45:52 IST" skipped="0">
  <testcase classname="testng.TestNG_1_Alphabatical_Order" name="twitter" time="22.166"/>
  <system-out/>
  <testcase classname="testng.TestNG_1_Alphabatical_Order" name="facebook" time="1.253"/>
  <system-out/>
  <testcase classname="testng.TestNG_1_Alphabatical_Order" name="google" time="2.037"/>
  <system-out/>
  <testcase classname="testng.TestNG_1_Alphabatical_Order" name="selenium" time="1.454"/>
  <system-out/>
  <testcase classname="testng.TestNG_1_Alphabatical_Order" name="redmine" time="3.542"/>
  <system-out/>
  <testcase classname="testng.TestNG_1_Alphabatical_Order" name="gmail" time="23.072"/>
  <system-out/>
</testsuite> <!-- testng.TestNG_1_Alphabatical_Order -->
